<?xml version="1.0" encoding="UTF-8"?>
<!-- Generated by org.testng.reporters.JUnitReportReporter -->
<testsuite hostname="BOSS" failures="0" tests="1" name="sampleproject.Sample" time="0.011" errors="0" timestamp="2025-02-04T12:45:09 IST" skipped="0">
  <testcase classname="sampleproject.Sample" name="sample" time="0.011"/>
</testsuite> <!-- sampleproject.Sample -->
