<?xml version="1.0" encoding="UTF-8"?>
<!-- Generated by org.testng.reporters.JUnitReportReporter -->
<testsuite hostname="BOSS" failures="0" tests="1" name="sampleproject.Sample" time="0.014" errors="0" timestamp="2025-02-06T12:22:26 IST" skipped="0">
  <testcase classname="sampleproject.Sample" name="sample" time="0.014"/>
</testsuite> <!-- sampleproject.Sample -->
